EDA Netlist Writer report for cineraria
Mon May 07 16:02:38 2012
Quartus II 64-Bit Version 11.1 Build 259 01/25/2012 Service Pack 2 SJ Full Version


---------------------
; Table of Contents ;
---------------------
  1. Legal Notice
  2. EDA Netlist Writer Summary
  3. Simulation Settings
  4. Simulation Generated Files
  5. EDA Netlist Writer Messages



----------------
; Legal Notice ;
----------------
Copyright (C) 1991-2011 Altera Corporation
Your use of Altera Corporation's design tools, logic functions 
and other software and tools, and its AMPP partner logic 
functions, and any output files from any of the foregoing 
(including device programming or simulation files), and any 
associated documentation or information are expressly subject 
to the terms and conditions of the Altera Program License 
Subscription Agreement, Altera MegaCore Function License 
Agreement, or other applicable license agreement, including, 
without limitation, that your use is for the sole purpose of 
programming logic devices manufactured by Altera and sold by 
Altera or its authorized distributors.  Please refer to the 
applicable agreement for further details.



+-------------------------------------------------------------------+
; EDA Netlist Writer Summary                                        ;
+---------------------------+---------------------------------------+
; EDA Netlist Writer Status ; Successful - Mon May 07 16:02:38 2012 ;
; Revision Name             ; cineraria                             ;
; Top-level Entity Name     ; cineraria                             ;
; Family                    ; Cyclone III                           ;
; Simulation Files Creation ; Successful                            ;
+---------------------------+---------------------------------------+


+----------------------------------------------------------------------------------------------------------------------------+
; Simulation Settings                                                                                                        ;
+---------------------------------------------------------------------------------------------------+------------------------+
; Option                                                                                            ; Setting                ;
+---------------------------------------------------------------------------------------------------+------------------------+
; Tool Name                                                                                         ; ModelSim-Altera (VHDL) ;
; Generate netlist for functional simulation only                                                   ; Off                    ;
; Time scale                                                                                        ; 1 ps                   ;
; Truncate long hierarchy paths                                                                     ; Off                    ;
; Map illegal HDL characters                                                                        ; Off                    ;
; Flatten buses into individual nodes                                                               ; Off                    ;
; Maintain hierarchy                                                                                ; Off                    ;
; Bring out device-wide set/reset signals as ports                                                  ; Off                    ;
; Enable glitch filtering                                                                           ; Off                    ;
; Do not write top level VHDL entity                                                                ; Off                    ;
; Disable detection of setup and hold time violations in the input registers of bi-directional pins ; Off                    ;
; Architecture name in VHDL output netlist                                                          ; structure              ;
; Generate third-party EDA tool command script for RTL functional simulation                        ; Off                    ;
; Generate third-party EDA tool command script for gate-level simulation                            ; Off                    ;
+---------------------------------------------------------------------------------------------------+------------------------+


+-----------------------------------------------------------------------------------------------------+
; Simulation Generated Files                                                                          ;
+-----------------------------------------------------------------------------------------------------+
; Generated Files                                                                                     ;
+-----------------------------------------------------------------------------------------------------+
; C:/PROJECT_DATA/yokoyama/DE0/cineraria_LMi/simulation/modelsim/cineraria_6_1200mv_85c_slow.vho      ;
; C:/PROJECT_DATA/yokoyama/DE0/cineraria_LMi/simulation/modelsim/cineraria_6_1200mv_0c_slow.vho       ;
; C:/PROJECT_DATA/yokoyama/DE0/cineraria_LMi/simulation/modelsim/cineraria_min_1200mv_0c_fast.vho     ;
; C:/PROJECT_DATA/yokoyama/DE0/cineraria_LMi/simulation/modelsim/cineraria.vho                        ;
; C:/PROJECT_DATA/yokoyama/DE0/cineraria_LMi/simulation/modelsim/cineraria_6_1200mv_85c_vhd_slow.sdo  ;
; C:/PROJECT_DATA/yokoyama/DE0/cineraria_LMi/simulation/modelsim/cineraria_6_1200mv_0c_vhd_slow.sdo   ;
; C:/PROJECT_DATA/yokoyama/DE0/cineraria_LMi/simulation/modelsim/cineraria_min_1200mv_0c_vhd_fast.sdo ;
; C:/PROJECT_DATA/yokoyama/DE0/cineraria_LMi/simulation/modelsim/cineraria_vhd.sdo                    ;
+-----------------------------------------------------------------------------------------------------+


+-----------------------------+
; EDA Netlist Writer Messages ;
+-----------------------------+
Info: *******************************************************************
Info: Running Quartus II 64-Bit EDA Netlist Writer
    Info: Version 11.1 Build 259 01/25/2012 Service Pack 2 SJ Full Version
    Info: Processing started: Mon May 07 16:02:16 2012
Info: Command: quartus_eda --read_settings_files=off --write_settings_files=off cineraria -c cineraria
Info (204019): Generated file cineraria_6_1200mv_85c_slow.vho in folder "C:/PROJECT_DATA/yokoyama/DE0/cineraria_LMi/simulation/modelsim/" for EDA simulation tool
Info (204019): Generated file cineraria_6_1200mv_0c_slow.vho in folder "C:/PROJECT_DATA/yokoyama/DE0/cineraria_LMi/simulation/modelsim/" for EDA simulation tool
Info (204019): Generated file cineraria_min_1200mv_0c_fast.vho in folder "C:/PROJECT_DATA/yokoyama/DE0/cineraria_LMi/simulation/modelsim/" for EDA simulation tool
Info (204019): Generated file cineraria.vho in folder "C:/PROJECT_DATA/yokoyama/DE0/cineraria_LMi/simulation/modelsim/" for EDA simulation tool
Info (204019): Generated file cineraria_6_1200mv_85c_vhd_slow.sdo in folder "C:/PROJECT_DATA/yokoyama/DE0/cineraria_LMi/simulation/modelsim/" for EDA simulation tool
Info (204019): Generated file cineraria_6_1200mv_0c_vhd_slow.sdo in folder "C:/PROJECT_DATA/yokoyama/DE0/cineraria_LMi/simulation/modelsim/" for EDA simulation tool
Info (204019): Generated file cineraria_min_1200mv_0c_vhd_fast.sdo in folder "C:/PROJECT_DATA/yokoyama/DE0/cineraria_LMi/simulation/modelsim/" for EDA simulation tool
Info (204019): Generated file cineraria_vhd.sdo in folder "C:/PROJECT_DATA/yokoyama/DE0/cineraria_LMi/simulation/modelsim/" for EDA simulation tool
Info: Quartus II 64-Bit EDA Netlist Writer was successful. 0 errors, 0 warnings
    Info: Peak virtual memory: 515 megabytes
    Info: Processing ended: Mon May 07 16:02:39 2012
    Info: Elapsed time: 00:00:23
    Info: Total CPU time (on all processors): 00:00:22


