Flow report for cineraria
Mon May 07 16:02:38 2012
Quartus II 64-Bit Version 11.1 Build 259 01/25/2012 Service Pack 2 SJ Full Version


---------------------
; Table of Contents ;
---------------------
  1. Legal Notice
  2. Flow Summary
  3. Flow Settings
  4. Flow Non-Default Global Settings
  5. Flow Elapsed Time
  6. Flow OS Summary
  7. Flow Log



----------------
; Legal Notice ;
----------------
Copyright (C) 1991-2011 Altera Corporation
Your use of Altera Corporation's design tools, logic functions 
and other software and tools, and its AMPP partner logic 
functions, and any output files from any of the foregoing 
(including device programming or simulation files), and any 
associated documentation or information are expressly subject 
to the terms and conditions of the Altera Program License 
Subscription Agreement, Altera MegaCore Function License 
Agreement, or other applicable license agreement, including, 
without limitation, that your use is for the sole purpose of 
programming logic devices manufactured by Altera and sold by 
Altera or its authorized distributors.  Please refer to the 
applicable agreement for further details.



+-------------------------------------------------------------------------------------+
; Flow Summary                                                                        ;
+------------------------------------+------------------------------------------------+
; Flow Status                        ; Successful - Mon May 07 16:02:38 2012          ;
; Quartus II 64-Bit Version          ; 11.1 Build 259 01/25/2012 SP 2 SJ Full Version ;
; Revision Name                      ; cineraria                                      ;
; Top-level Entity Name              ; cineraria                                      ;
; Family                             ; Cyclone III                                    ;
; Device                             ; EP3C16F484C6                                   ;
; Timing Models                      ; Final                                          ;
; Total logic elements               ; 12,681 / 15,408 ( 82 % )                       ;
;     Total combinational functions  ; 10,259 / 15,408 ( 67 % )                       ;
;     Dedicated logic registers      ; 7,605 / 15,408 ( 49 % )                        ;
; Total registers                    ; 7747                                           ;
; Total pins                         ; 238 / 347 ( 69 % )                             ;
; Total virtual pins                 ; 0                                              ;
; Total memory bits                  ; 286,976 / 516,096 ( 56 % )                     ;
; Embedded Multiplier 9-bit elements ; 31 / 112 ( 28 % )                              ;
; Total PLLs                         ; 2 / 4 ( 50 % )                                 ;
+------------------------------------+------------------------------------------------+


+-----------------------------------------+
; Flow Settings                           ;
+-------------------+---------------------+
; Option            ; Setting             ;
+-------------------+---------------------+
; Start date & time ; 05/07/2012 15:54:23 ;
; Main task         ; Compilation         ;
; Revision Name     ; cineraria           ;
+-------------------+---------------------+


+------------------------------------------------------------------------------------------------------------------------------------------+
; Flow Non-Default Global Settings                                                                                                         ;
+---------------------------------------------------+---------------------------------------+---------------+-------------+----------------+
; Assignment Name                                   ; Value                                 ; Default Value ; Entity Name ; Section Id     ;
+---------------------------------------------------+---------------------------------------+---------------+-------------+----------------+
; ADV_NETLIST_OPT_SYNTH_WYSIWYG_REMAP               ; On                                    ; Off           ; --          ; --             ;
; AUTO_PACKED_REGISTERS_STRATIXII                   ; Normal                                ; Auto          ; --          ; --             ;
; COMPILER_SIGNATURE_ID                             ; 157394849403.133637366302540          ; --            ; --          ; --             ;
; CYCLONEII_OPTIMIZATION_TECHNIQUE                  ; Speed                                 ; Balanced      ; --          ; --             ;
; EDA_OUTPUT_DATA_FORMAT                            ; Vhdl                                  ; --            ; --          ; eda_simulation ;
; EDA_SIMULATION_TOOL                               ; ModelSim-Altera (VHDL)                ; <None>        ; --          ; --             ;
; ENABLE_DRC_SETTINGS                               ; On                                    ; Off           ; --          ; --             ;
; FITTER_EARLY_TIMING_ESTIMATE_MODE                 ; Optimistic                            ; Realistic     ; --          ; --             ;
; FITTER_EFFORT                                     ; Standard Fit                          ; Auto Fit      ; --          ; --             ;
; IP_TOOL_ENV                                       ; sopc                                  ; --            ; nios2_fpu   ; --             ;
; IP_TOOL_NAME                                      ; ALTPLL                                ; --            ; --          ; --             ;
; IP_TOOL_NAME                                      ; ALTPLL                                ; --            ; --          ; --             ;
; IP_TOOL_NAME                                      ; sopc                                  ; --            ; nios2_fpu   ; --             ;
; IP_TOOL_VERSION                                   ; 9.1                                   ; --            ; --          ; --             ;
; IP_TOOL_VERSION                                   ; 9.1                                   ; --            ; --          ; --             ;
; IP_TOOL_VERSION                                   ; 11.1sp1                               ; --            ; nios2_fpu   ; --             ;
; MAX_CORE_JUNCTION_TEMP                            ; 85                                    ; --            ; --          ; --             ;
; MIN_CORE_JUNCTION_TEMP                            ; 0                                     ; --            ; --          ; --             ;
; MISC_FILE                                         ; syspll.bsf                            ; --            ; --          ; --             ;
; MISC_FILE                                         ; syspll.ppf                            ; --            ; --          ; --             ;
; MISC_FILE                                         ; avpll.bsf                             ; --            ; --          ; --             ;
; MISC_FILE                                         ; avpll.ppf                             ; --            ; --          ; --             ;
; MISC_FILE                                         ; cineraria.dpf                         ; --            ; --          ; --             ;
; OPTIMIZE_MULTI_CORNER_TIMING                      ; On                                    ; Off           ; --          ; --             ;
; PARTITION_COLOR                                   ; 16764057                              ; --            ; --          ; Top            ;
; PARTITION_FITTER_PRESERVATION_LEVEL               ; PLACEMENT_AND_ROUTING                 ; --            ; --          ; Top            ;
; PARTITION_NETLIST_TYPE                            ; SOURCE                                ; --            ; --          ; Top            ;
; PHYSICAL_SYNTHESIS_ASYNCHRONOUS_SIGNAL_PIPELINING ; On                                    ; Off           ; --          ; --             ;
; PHYSICAL_SYNTHESIS_COMBO_LOGIC                    ; On                                    ; Off           ; --          ; --             ;
; PHYSICAL_SYNTHESIS_COMBO_LOGIC_FOR_AREA           ; On                                    ; Off           ; --          ; --             ;
; PHYSICAL_SYNTHESIS_EFFORT                         ; Extra                                 ; Normal        ; --          ; --             ;
; PHYSICAL_SYNTHESIS_MAP_LOGIC_TO_MEMORY_FOR_AREA   ; On                                    ; Off           ; --          ; --             ;
; PHYSICAL_SYNTHESIS_REGISTER_DUPLICATION           ; On                                    ; Off           ; --          ; --             ;
; PHYSICAL_SYNTHESIS_REGISTER_RETIMING              ; On                                    ; Off           ; --          ; --             ;
; POWER_BOARD_THERMAL_MODEL                         ; None (CONSERVATIVE)                   ; --            ; --          ; --             ;
; POWER_PRESET_COOLING_SOLUTION                     ; 23 MM HEAT SINK WITH 200 LFPM AIRFLOW ; --            ; --          ; --             ;
; ROUTER_LCELL_INSERTION_AND_LOGIC_DUPLICATION      ; On                                    ; Auto          ; --          ; --             ;
; ROUTER_TIMING_OPTIMIZATION_LEVEL                  ; MAXIMUM                               ; Normal        ; --          ; --             ;
; SMART_RECOMPILE                                   ; On                                    ; Off           ; --          ; --             ;
; SOPC_BUILDER_SIGNATURE_ID                         ; 0024A576CE7B000001352657D8A7          ; --            ; --          ; --             ;
+---------------------------------------------------+---------------------------------------+---------------+-------------+----------------+


+-------------------------------------------------------------------------------------------------------------------------------+
; Flow Elapsed Time                                                                                                             ;
+---------------------------+--------------+-------------------------+---------------------+------------------------------------+
; Module Name               ; Elapsed Time ; Average Processors Used ; Peak Virtual Memory ; Total CPU Time (on all processors) ;
+---------------------------+--------------+-------------------------+---------------------+------------------------------------+
; Analysis & Synthesis      ; 00:02:01     ; 1.0                     ; 772 MB              ; 00:02:00                           ;
; Fitter                    ; 00:05:08     ; 2.1                     ; 891 MB              ; 00:06:30                           ;
; Assembler                 ; 00:00:02     ; 1.0                     ; 411 MB              ; 00:00:03                           ;
; TimeQuest Timing Analyzer ; 00:00:17     ; 1.7                     ; 571 MB              ; 00:00:21                           ;
; Design Assistant          ; 00:00:12     ; 1.0                     ; 471 MB              ; 00:00:12                           ;
; EDA Netlist Writer        ; 00:00:22     ; 1.0                     ; 515 MB              ; 00:00:22                           ;
; Total                     ; 00:08:02     ; --                      ; --                  ; 00:09:28                           ;
+---------------------------+--------------+-------------------------+---------------------+------------------------------------+


+----------------------------------------------------------------------------------------+
; Flow OS Summary                                                                        ;
+---------------------------+------------------+-----------+------------+----------------+
; Module Name               ; Machine Hostname ; OS Name   ; OS Version ; Processor type ;
+---------------------------+------------------+-----------+------------+----------------+
; Analysis & Synthesis      ; tsubame          ; Windows 7 ; 6.1        ; x86_64         ;
; Fitter                    ; tsubame          ; Windows 7 ; 6.1        ; x86_64         ;
; Assembler                 ; tsubame          ; Windows 7 ; 6.1        ; x86_64         ;
; TimeQuest Timing Analyzer ; tsubame          ; Windows 7 ; 6.1        ; x86_64         ;
; Design Assistant          ; tsubame          ; Windows 7 ; 6.1        ; x86_64         ;
; EDA Netlist Writer        ; tsubame          ; Windows 7 ; 6.1        ; x86_64         ;
+---------------------------+------------------+-----------+------------+----------------+


------------
; Flow Log ;
------------
quartus_map --read_settings_files=on --write_settings_files=off cineraria -c cineraria
quartus_fit --read_settings_files=off --write_settings_files=off cineraria -c cineraria
quartus_asm --read_settings_files=off --write_settings_files=off cineraria -c cineraria
quartus_sta cineraria -c cineraria
quartus_drc --read_settings_files=off --write_settings_files=off cineraria -c cineraria
quartus_eda --read_settings_files=off --write_settings_files=off cineraria -c cineraria



